{"/home/tomomi/springboard/node-js/express-biztime/app.js": {"path":"/home/tomomi/springboard/node-js/express-biztime/app.js","statementMap":{"0":{"start":{"line":4,"column":16},"end":{"line":4,"column":34}},"1":{"start":{"line":6,"column":12},"end":{"line":6,"column":21}},"2":{"start":{"line":7,"column":21},"end":{"line":7,"column":46}},"3":{"start":{"line":8,"column":24},"end":{"line":8,"column":53}},"4":{"start":{"line":9,"column":23},"end":{"line":9,"column":51}},"5":{"start":{"line":12,"column":0},"end":{"line":12,"column":24}},"6":{"start":{"line":14,"column":0},"end":{"line":14,"column":39}},"7":{"start":{"line":16,"column":0},"end":{"line":16,"column":37}},"8":{"start":{"line":21,"column":0},"end":{"line":24,"column":3}},"9":{"start":{"line":22,"column":14},"end":{"line":22,"column":48}},"10":{"start":{"line":23,"column":2},"end":{"line":23,"column":19}},"11":{"start":{"line":28,"column":0},"end":{"line":35,"column":3}},"12":{"start":{"line":29,"column":2},"end":{"line":29,"column":32}},"13":{"start":{"line":31,"column":2},"end":{"line":34,"column":5}},"14":{"start":{"line":40,"column":0},"end":{"line":40,"column":21}}},"fnMap":{"0":{"name":"(anonymous_0)","decl":{"start":{"line":21,"column":8},"end":{"line":21,"column":9}},"loc":{"start":{"line":21,"column":33},"end":{"line":24,"column":1}},"line":21},"1":{"name":"(anonymous_1)","decl":{"start":{"line":28,"column":8},"end":{"line":28,"column":9}},"loc":{"start":{"line":28,"column":33},"end":{"line":35,"column":1}},"line":28}},"branchMap":{"0":{"loc":{"start":{"line":29,"column":13},"end":{"line":29,"column":30}},"type":"binary-expr","locations":[{"start":{"line":29,"column":13},"end":{"line":29,"column":23}},{"start":{"line":29,"column":27},"end":{"line":29,"column":30}}],"line":29}},"s":{"0":2,"1":2,"2":2,"3":2,"4":2,"5":2,"6":2,"7":2,"8":2,"9":1,"10":1,"11":2,"12":7,"13":7,"14":2},"f":{"0":1,"1":7},"b":{"0":[7,0]},"_coverageSchema":"1a1c01bbd47fc00a2c39e90264f33305004495a9","hash":"f87129f497123600a98e405050ee16504220028f"}
,"/home/tomomi/springboard/node-js/express-biztime/db.js": {"path":"/home/tomomi/springboard/node-js/express-biztime/db.js","statementMap":{"0":{"start":{"line":2,"column":19},"end":{"line":2,"column":32}},"1":{"start":{"line":4,"column":15},"end":{"line":6,"column":24}},"2":{"start":{"line":8,"column":9},"end":{"line":10,"column":2}},"3":{"start":{"line":12,"column":0},"end":{"line":12,"column":13}},"4":{"start":{"line":14,"column":0},"end":{"line":14,"column":20}}},"fnMap":{},"branchMap":{"0":{"loc":{"start":{"line":4,"column":15},"end":{"line":6,"column":24}},"type":"cond-expr","locations":[{"start":{"line":5,"column":1},"end":{"line":5,"column":29}},{"start":{"line":6,"column":1},"end":{"line":6,"column":24}}],"line":4}},"s":{"0":2,"1":2,"2":2,"3":2,"4":2},"f":{},"b":{"0":[2,0]},"_coverageSchema":"1a1c01bbd47fc00a2c39e90264f33305004495a9","hash":"92de787251c21191cb424b17261da72a9c851f75"}
,"/home/tomomi/springboard/node-js/express-biztime/expressError.js": {"path":"/home/tomomi/springboard/node-js/express-biztime/expressError.js","statementMap":{"0":{"start":{"line":9,"column":4},"end":{"line":9,"column":12}},"1":{"start":{"line":10,"column":4},"end":{"line":10,"column":27}},"2":{"start":{"line":11,"column":4},"end":{"line":11,"column":25}},"3":{"start":{"line":17,"column":0},"end":{"line":17,"column":30}}},"fnMap":{"0":{"name":"(anonymous_0)","decl":{"start":{"line":8,"column":2},"end":{"line":8,"column":3}},"loc":{"start":{"line":8,"column":31},"end":{"line":13,"column":3}},"line":8}},"branchMap":{},"s":{"0":7,"1":7,"2":7,"3":2},"f":{"0":7},"b":{},"_coverageSchema":"1a1c01bbd47fc00a2c39e90264f33305004495a9","hash":"89acbac188f6bec98b6aa5d96d16f053101eec41"}
,"/home/tomomi/springboard/node-js/express-biztime/routes/companies.js": {"path":"/home/tomomi/springboard/node-js/express-biztime/routes/companies.js","statementMap":{"0":{"start":{"line":1,"column":16},"end":{"line":1,"column":34}},"1":{"start":{"line":2,"column":15},"end":{"line":2,"column":35}},"2":{"start":{"line":3,"column":11},"end":{"line":3,"column":27}},"3":{"start":{"line":4,"column":21},"end":{"line":4,"column":47}},"4":{"start":{"line":10,"column":0},"end":{"line":17,"column":2}},"5":{"start":{"line":11,"column":4},"end":{"line":16,"column":5}},"6":{"start":{"line":12,"column":24},"end":{"line":12,"column":88}},"7":{"start":{"line":13,"column":8},"end":{"line":13,"column":52}},"8":{"start":{"line":15,"column":8},"end":{"line":15,"column":23}},"9":{"start":{"line":23,"column":0},"end":{"line":41,"column":3}},"10":{"start":{"line":24,"column":4},"end":{"line":40,"column":5}},"11":{"start":{"line":25,"column":26},"end":{"line":25,"column":41}},"12":{"start":{"line":26,"column":24},"end":{"line":26,"column":92}},"13":{"start":{"line":28,"column":8},"end":{"line":28,"column":114}},"14":{"start":{"line":28,"column":37},"end":{"line":28,"column":114}},"15":{"start":{"line":31,"column":25},"end":{"line":31,"column":98}},"16":{"start":{"line":32,"column":21},"end":{"line":32,"column":36}},"17":{"start":{"line":33,"column":23},"end":{"line":33,"column":38}},"18":{"start":{"line":35,"column":8},"end":{"line":35,"column":55}},"19":{"start":{"line":35,"column":47},"end":{"line":35,"column":53}},"20":{"start":{"line":36,"column":8},"end":{"line":36,"column":46}},"21":{"start":{"line":39,"column":8},"end":{"line":39,"column":23}},"22":{"start":{"line":46,"column":0},"end":{"line":56,"column":2}},"23":{"start":{"line":47,"column":4},"end":{"line":55,"column":5}},"24":{"start":{"line":48,"column":42},"end":{"line":48,"column":50}},"25":{"start":{"line":51,"column":24},"end":{"line":51,"column":170}},"26":{"start":{"line":52,"column":8},"end":{"line":52,"column":65}},"27":{"start":{"line":54,"column":8},"end":{"line":54,"column":23}},"28":{"start":{"line":61,"column":0},"end":{"line":74,"column":2}},"29":{"start":{"line":62,"column":4},"end":{"line":73,"column":5}},"30":{"start":{"line":63,"column":23},"end":{"line":63,"column":33}},"31":{"start":{"line":64,"column":36},"end":{"line":64,"column":44}},"32":{"start":{"line":65,"column":24},"end":{"line":65,"column":162}},"33":{"start":{"line":67,"column":8},"end":{"line":67,"column":108}},"34":{"start":{"line":67,"column":37},"end":{"line":67,"column":108}},"35":{"start":{"line":69,"column":8},"end":{"line":69,"column":53}},"36":{"start":{"line":72,"column":8},"end":{"line":72,"column":23}},"37":{"start":{"line":78,"column":0},"end":{"line":90,"column":3}},"38":{"start":{"line":79,"column":4},"end":{"line":89,"column":5}},"39":{"start":{"line":80,"column":23},"end":{"line":80,"column":33}},"40":{"start":{"line":81,"column":24},"end":{"line":81,"column":100}},"41":{"start":{"line":83,"column":9},"end":{"line":83,"column":109}},"42":{"start":{"line":83,"column":38},"end":{"line":83,"column":109}},"43":{"start":{"line":85,"column":8},"end":{"line":85,"column":46}},"44":{"start":{"line":88,"column":8},"end":{"line":88,"column":23}},"45":{"start":{"line":93,"column":0},"end":{"line":93,"column":24}}},"fnMap":{"0":{"name":"(anonymous_0)","decl":{"start":{"line":10,"column":16},"end":{"line":10,"column":17}},"loc":{"start":{"line":10,"column":42},"end":{"line":17,"column":1}},"line":10},"1":{"name":"(anonymous_1)","decl":{"start":{"line":23,"column":21},"end":{"line":23,"column":22}},"loc":{"start":{"line":23,"column":47},"end":{"line":41,"column":1}},"line":23},"2":{"name":"(anonymous_2)","decl":{"start":{"line":35,"column":40},"end":{"line":35,"column":41}},"loc":{"start":{"line":35,"column":47},"end":{"line":35,"column":53}},"line":35},"3":{"name":"(anonymous_3)","decl":{"start":{"line":46,"column":17},"end":{"line":46,"column":18}},"loc":{"start":{"line":46,"column":43},"end":{"line":56,"column":1}},"line":46},"4":{"name":"(anonymous_4)","decl":{"start":{"line":61,"column":21},"end":{"line":61,"column":22}},"loc":{"start":{"line":61,"column":47},"end":{"line":74,"column":1}},"line":61},"5":{"name":"(anonymous_5)","decl":{"start":{"line":78,"column":24},"end":{"line":78,"column":25}},"loc":{"start":{"line":78,"column":50},"end":{"line":90,"column":1}},"line":78}},"branchMap":{"0":{"loc":{"start":{"line":28,"column":8},"end":{"line":28,"column":114}},"type":"if","locations":[{"start":{"line":28,"column":8},"end":{"line":28,"column":114}},{"start":{},"end":{}}],"line":28},"1":{"loc":{"start":{"line":67,"column":8},"end":{"line":67,"column":108}},"type":"if","locations":[{"start":{"line":67,"column":8},"end":{"line":67,"column":108}},{"start":{},"end":{}}],"line":67},"2":{"loc":{"start":{"line":83,"column":9},"end":{"line":83,"column":109}},"type":"if","locations":[{"start":{"line":83,"column":9},"end":{"line":83,"column":109}},{"start":{},"end":{}}],"line":83}},"s":{"0":2,"1":2,"2":2,"3":2,"4":2,"5":1,"6":1,"7":1,"8":0,"9":2,"10":4,"11":4,"12":4,"13":4,"14":3,"15":1,"16":1,"17":1,"18":1,"19":3,"20":1,"21":3,"22":2,"23":1,"24":1,"25":1,"26":1,"27":0,"28":2,"29":1,"30":1,"31":1,"32":1,"33":1,"34":0,"35":1,"36":0,"37":2,"38":1,"39":1,"40":1,"41":1,"42":0,"43":1,"44":0,"45":2},"f":{"0":1,"1":4,"2":3,"3":1,"4":1,"5":1},"b":{"0":[3,1],"1":[0,1],"2":[0,1]},"_coverageSchema":"1a1c01bbd47fc00a2c39e90264f33305004495a9","hash":"e09c96415b3a3999fe70f147ade6cd41444bc27b"}
,"/home/tomomi/springboard/node-js/express-biztime/routes/invoices.js": {"path":"/home/tomomi/springboard/node-js/express-biztime/routes/invoices.js","statementMap":{"0":{"start":{"line":1,"column":16},"end":{"line":1,"column":34}},"1":{"start":{"line":2,"column":15},"end":{"line":2,"column":35}},"2":{"start":{"line":3,"column":11},"end":{"line":3,"column":27}},"3":{"start":{"line":4,"column":21},"end":{"line":4,"column":47}},"4":{"start":{"line":8,"column":0},"end":{"line":15,"column":2}},"5":{"start":{"line":9,"column":4},"end":{"line":14,"column":5}},"6":{"start":{"line":10,"column":24},"end":{"line":10,"column":88}},"7":{"start":{"line":11,"column":8},"end":{"line":11,"column":52}},"8":{"start":{"line":13,"column":8},"end":{"line":13,"column":23}},"9":{"start":{"line":19,"column":0},"end":{"line":60,"column":2}},"10":{"start":{"line":20,"column":4},"end":{"line":59,"column":5}},"11":{"start":{"line":21,"column":24},"end":{"line":21,"column":37}},"12":{"start":{"line":22,"column":29},"end":{"line":22,"column":135}},"13":{"start":{"line":39,"column":8},"end":{"line":39,"column":117}},"14":{"start":{"line":39,"column":43},"end":{"line":39,"column":117}},"15":{"start":{"line":41,"column":80},"end":{"line":41,"column":100}},"16":{"start":{"line":42,"column":8},"end":{"line":42,"column":118}},"17":{"start":{"line":58,"column":8},"end":{"line":58,"column":23}},"18":{"start":{"line":65,"column":0},"end":{"line":77,"column":2}},"19":{"start":{"line":66,"column":4},"end":{"line":76,"column":5}},"20":{"start":{"line":67,"column":33},"end":{"line":67,"column":41}},"21":{"start":{"line":68,"column":24},"end":{"line":68,"column":93}},"22":{"start":{"line":70,"column":8},"end":{"line":70,"column":153}},"23":{"start":{"line":70,"column":37},"end":{"line":70,"column":153}},"24":{"start":{"line":72,"column":24},"end":{"line":72,"column":169}},"25":{"start":{"line":73,"column":8},"end":{"line":73,"column":65}},"26":{"start":{"line":75,"column":8},"end":{"line":75,"column":23}},"27":{"start":{"line":83,"column":0},"end":{"line":97,"column":2}},"28":{"start":{"line":84,"column":4},"end":{"line":96,"column":5}},"29":{"start":{"line":85,"column":24},"end":{"line":85,"column":37}},"30":{"start":{"line":86,"column":23},"end":{"line":86,"column":35}},"31":{"start":{"line":87,"column":29},"end":{"line":87,"column":116}},"32":{"start":{"line":90,"column":8},"end":{"line":90,"column":117}},"33":{"start":{"line":90,"column":43},"end":{"line":90,"column":117}},"34":{"start":{"line":92,"column":8},"end":{"line":92,"column":56}},"35":{"start":{"line":95,"column":8},"end":{"line":95,"column":23}},"36":{"start":{"line":102,"column":0},"end":{"line":115,"column":2}},"37":{"start":{"line":103,"column":4},"end":{"line":114,"column":5}},"38":{"start":{"line":104,"column":24},"end":{"line":104,"column":37}},"39":{"start":{"line":105,"column":29},"end":{"line":105,"column":102}},"40":{"start":{"line":108,"column":8},"end":{"line":108,"column":117}},"41":{"start":{"line":108,"column":43},"end":{"line":108,"column":117}},"42":{"start":{"line":110,"column":8},"end":{"line":110,"column":46}},"43":{"start":{"line":113,"column":8},"end":{"line":113,"column":23}},"44":{"start":{"line":119,"column":0},"end":{"line":119,"column":24}}},"fnMap":{"0":{"name":"(anonymous_0)","decl":{"start":{"line":8,"column":16},"end":{"line":8,"column":17}},"loc":{"start":{"line":8,"column":42},"end":{"line":15,"column":1}},"line":8},"1":{"name":"(anonymous_1)","decl":{"start":{"line":19,"column":19},"end":{"line":19,"column":20}},"loc":{"start":{"line":19,"column":45},"end":{"line":60,"column":1}},"line":19},"2":{"name":"(anonymous_2)","decl":{"start":{"line":65,"column":17},"end":{"line":65,"column":18}},"loc":{"start":{"line":65,"column":43},"end":{"line":77,"column":1}},"line":65},"3":{"name":"(anonymous_3)","decl":{"start":{"line":83,"column":19},"end":{"line":83,"column":20}},"loc":{"start":{"line":83,"column":45},"end":{"line":97,"column":1}},"line":83},"4":{"name":"(anonymous_4)","decl":{"start":{"line":102,"column":22},"end":{"line":102,"column":23}},"loc":{"start":{"line":102,"column":48},"end":{"line":115,"column":1}},"line":102}},"branchMap":{"0":{"loc":{"start":{"line":39,"column":8},"end":{"line":39,"column":117}},"type":"if","locations":[{"start":{"line":39,"column":8},"end":{"line":39,"column":117}},{"start":{},"end":{}}],"line":39},"1":{"loc":{"start":{"line":70,"column":8},"end":{"line":70,"column":153}},"type":"if","locations":[{"start":{"line":70,"column":8},"end":{"line":70,"column":153}},{"start":{},"end":{}}],"line":70},"2":{"loc":{"start":{"line":90,"column":8},"end":{"line":90,"column":117}},"type":"if","locations":[{"start":{"line":90,"column":8},"end":{"line":90,"column":117}},{"start":{},"end":{}}],"line":90},"3":{"loc":{"start":{"line":108,"column":8},"end":{"line":108,"column":117}},"type":"if","locations":[{"start":{"line":108,"column":8},"end":{"line":108,"column":117}},{"start":{},"end":{}}],"line":108}},"s":{"0":2,"1":2,"2":2,"3":2,"4":2,"5":1,"6":1,"7":1,"8":0,"9":2,"10":4,"11":4,"12":4,"13":4,"14":3,"15":1,"16":1,"17":3,"18":2,"19":1,"20":1,"21":1,"22":1,"23":0,"24":1,"25":1,"26":0,"27":2,"28":1,"29":1,"30":1,"31":1,"32":1,"33":0,"34":1,"35":0,"36":2,"37":1,"38":1,"39":1,"40":1,"41":0,"42":1,"43":0,"44":2},"f":{"0":1,"1":4,"2":1,"3":1,"4":1},"b":{"0":[3,1],"1":[0,1],"2":[0,1],"3":[0,1]},"_coverageSchema":"1a1c01bbd47fc00a2c39e90264f33305004495a9","hash":"97c3bc63ee001e5257ec49c286741723a88d668f"}
}
