TN:
SF:app.js
FN:21,(anonymous_0)
FN:28,(anonymous_1)
FNF:2
FNH:2
FNDA:1,(anonymous_0)
FNDA:7,(anonymous_1)
DA:4,2
DA:6,2
DA:7,2
DA:8,2
DA:9,2
DA:12,2
DA:14,2
DA:16,2
DA:21,2
DA:22,1
DA:23,1
DA:28,2
DA:29,7
DA:31,7
DA:40,2
LF:15
LH:15
BRDA:29,0,0,7
BRDA:29,0,1,0
BRF:2
BRH:1
end_of_record
TN:
SF:db.js
FNF:0
FNH:0
DA:2,2
DA:4,2
DA:8,2
DA:12,2
DA:14,2
LF:5
LH:5
BRDA:4,0,0,2
BRDA:4,0,1,0
BRF:2
BRH:1
end_of_record
TN:
SF:expressError.js
FN:8,(anonymous_0)
FNF:1
FNH:1
FNDA:7,(anonymous_0)
DA:9,7
DA:10,7
DA:11,7
DA:17,2
LF:4
LH:4
BRF:0
BRH:0
end_of_record
TN:
SF:routes/companies.js
FN:10,(anonymous_0)
FN:23,(anonymous_1)
FN:35,(anonymous_2)
FN:46,(anonymous_3)
FN:61,(anonymous_4)
FN:78,(anonymous_5)
FNF:6
FNH:6
FNDA:1,(anonymous_0)
FNDA:4,(anonymous_1)
FNDA:3,(anonymous_2)
FNDA:1,(anonymous_3)
FNDA:1,(anonymous_4)
FNDA:1,(anonymous_5)
DA:1,2
DA:2,2
DA:3,2
DA:4,2
DA:10,2
DA:11,1
DA:12,1
DA:13,1
DA:15,0
DA:23,2
DA:24,4
DA:25,4
DA:26,4
DA:28,4
DA:31,1
DA:32,1
DA:33,1
DA:35,3
DA:36,1
DA:39,3
DA:46,2
DA:47,1
DA:48,1
DA:51,1
DA:52,1
DA:54,0
DA:61,2
DA:62,1
DA:63,1
DA:64,1
DA:65,1
DA:67,1
DA:69,1
DA:72,0
DA:78,2
DA:79,1
DA:80,1
DA:81,1
DA:83,1
DA:85,1
DA:88,0
DA:93,2
LF:42
LH:38
BRDA:28,0,0,3
BRDA:28,0,1,1
BRDA:67,1,0,0
BRDA:67,1,1,1
BRDA:83,2,0,0
BRDA:83,2,1,1
BRF:6
BRH:4
end_of_record
TN:
SF:routes/invoices.js
FN:8,(anonymous_0)
FN:19,(anonymous_1)
FN:65,(anonymous_2)
FN:83,(anonymous_3)
FN:102,(anonymous_4)
FNF:5
FNH:5
FNDA:1,(anonymous_0)
FNDA:4,(anonymous_1)
FNDA:1,(anonymous_2)
FNDA:1,(anonymous_3)
FNDA:1,(anonymous_4)
DA:1,2
DA:2,2
DA:3,2
DA:4,2
DA:8,2
DA:9,1
DA:10,1
DA:11,1
DA:13,0
DA:19,2
DA:20,4
DA:21,4
DA:22,4
DA:39,4
DA:41,1
DA:42,1
DA:58,3
DA:65,2
DA:66,1
DA:67,1
DA:68,1
DA:70,1
DA:72,1
DA:73,1
DA:75,0
DA:83,2
DA:84,1
DA:85,1
DA:86,1
DA:87,1
DA:90,1
DA:92,1
DA:95,0
DA:102,2
DA:103,1
DA:104,1
DA:105,1
DA:108,1
DA:110,1
DA:113,0
DA:119,2
LF:41
LH:37
BRDA:39,0,0,3
BRDA:39,0,1,1
BRDA:70,1,0,0
BRDA:70,1,1,1
BRDA:90,2,0,0
BRDA:90,2,1,1
BRDA:108,3,0,0
BRDA:108,3,1,1
BRF:8
BRH:5
end_of_record
